12:52:16,173 TRACE BasicBinder:64 - binding parameter [5] as [INTEGER] - [22]
  12:52:16,173 TRACE BasicBinder:64 - binding parameter [6] as [VARCHAR] - [22]
  12:52:16,174 TRACE BasicBinder:64 - binding parameter [7] as [INTEGER] - [651]
  12:52:16,175 TRACE BasicBinder:64 - binding parameter [1] as [VARCHAR] - [23]
  12:52:16,175 TRACE BasicBinder:64 - binding parameter [2] as [VARCHAR] - [23]
  12:52:16,176 TRACE BasicBinder:64 - binding parameter [3] as [VARCHAR] - [23]
  12:52:16,176 TRACE BasicBinder:64 - binding parameter [4] as [VARCHAR] - [23]
  12:52:16,176 TRACE BasicBinder:64 - binding parameter [5] as [INTEGER] - [23]
  12:52:16,176 TRACE BasicBinder:64 - binding parameter [6] as [VARCHAR] - [23]
  12:52:16,176 TRACE BasicBinder:64 - binding parameter [7] as [INTEGER] - [652]
  12:52:16,177 TRACE BasicBinder:64 - binding parameter [1] as [VARCHAR] - [24]
  12:52:16,178 TRACE BasicBinder:64 - binding parameter [2] as [VARCHAR] - [24]
  12:52:16,178 TRACE BasicBinder:64 - binding parameter [3] as [VARCHAR] - [24]
  12:52:16,178 TRACE BasicBinder:64 - binding parameter [4] as [VARCHAR] - [24]
  12:52:16,178 TRACE BasicBinder:64 - binding parameter [5] as [INTEGER] - [24]
  12:52:16,178 TRACE BasicBinder:64 - binding parameter [6] as [VARCHAR] - [24]
  12:52:16,179 TRACE BasicBinder:64 - binding parameter [7] as [INTEGER] - [653]
  12:52:16,180 TRACE BasicBinder:64 - binding parameter [1] as [VARCHAR] - [25]
  12:52:16,180 TRACE BasicBinder:64 - binding parameter [2] as [VARCHAR] - [25]
  12:52:16,180 TRACE BasicBinder:64 - binding parameter [3] as [VARCHAR] - [25]
  12:52:16,180 TRACE BasicBinder:64 - binding parameter [4] as [VARCHAR] - [25]
  12:52:16,180 TRACE BasicBinder:64 - binding parameter [5] as [INTEGER] - [25]
  12:52:16,181 TRACE BasicBinder:64 - binding parameter [6] as [VARCHAR] - [25]
  12:52:16,181 TRACE BasicBinder:64 - binding parameter [7] as [INTEGER] - [654]
  12:52:16,182 TRACE BasicBinder:64 - binding parameter [1] as [VARCHAR] - [26]
  12:52:16,182 TRACE BasicBinder:64 - binding parameter [2] as [VARCHAR] - [26]
  12:52:16,182 TRACE BasicBinder:64 - binding parameter [3] as [VARCHAR] - [26]
  12:52:16,182 TRACE BasicBinder:64 - binding parameter [4] as [VARCHAR] - [26]
  12:52:16,182 TRACE BasicBinder:64 - binding parameter [5] as [INTEGER] - [26]
  12:52:16,183 TRACE BasicBinder:64 - binding parameter [6] as [VARCHAR] - [26]
  12:52:16,183 TRACE BasicBinder:64 - binding parameter [7] as [INTEGER] - [655]
  12:52:16,184 TRACE BasicBinder:64 - binding parameter [1] as [VARCHAR] - [27]
  12:52:16,184 TRACE BasicBinder:64 - binding parameter [2] as [VARCHAR] - [27]
  12:52:16,184 TRACE BasicBinder:64 - binding parameter [3] as [VARCHAR] - [27]
  12:52:16,185 TRACE BasicBinder:64 - binding parameter [4] as [VARCHAR] - [27]
  12:52:16,185 TRACE BasicBinder:64 - binding parameter [5] as [INTEGER] - [27]
  12:52:16,185 TRACE BasicBinder:64 - binding parameter [6] as [VARCHAR] - [27]
  12:52:16,185 TRACE BasicBinder:64 - binding parameter [7] as [INTEGER] - [656]
  12:52:16,186 TRACE BasicBinder:64 - binding parameter [1] as [VARCHAR] - [28]
  12:52:16,186 TRACE BasicBinder:64 - binding parameter [2] as [VARCHAR] - [28]
  12:52:16,187 TRACE BasicBinder:64 - binding parameter [3] as [VARCHAR] - [28]
  12:52:16,187 TRACE BasicBinder:64 - binding parameter [4] as [VARCHAR] - [28]
  12:52:16,187 TRACE BasicBinder:64 - binding parameter [5] as [INTEGER] - [28]
  12:52:16,187 TRACE BasicBinder:64 - binding parameter [6] as [VARCHAR] - [28]
  12:52:16,187 TRACE BasicBinder:64 - binding parameter [7] as [INTEGER] - [657]
  12:52:16,189 TRACE BasicBinder:64 - binding parameter [1] as [VARCHAR] - [29]
  12:52:16,189 TRACE BasicBinder:64 - binding parameter [2] as [VARCHAR] - [29]
  12:52:16,189 TRACE BasicBinder:64 - binding parameter [3] as [VARCHAR] - [29]
  12:52:16,189 TRACE BasicBinder:64 - binding parameter [4] as [VARCHAR] - [29]
  12:52:16,189 TRACE BasicBinder:64 - binding parameter [5] as [INTEGER] - [29]
  12:52:16,189 TRACE BasicBinder:64 - binding parameter [6] as [VARCHAR] - [29]
  12:52:16,190 TRACE BasicBinder:64 - binding parameter [7] as [INTEGER] - [658]
  12:52:16,191 TRACE BasicBinder:64 - binding parameter [1] as [VARCHAR] - [30]
  12:52:16,191 TRACE BasicBinder:64 - binding parameter [2] as [VARCHAR] - [30]
  12:52:16,191 TRACE BasicBinder:64 - binding parameter [3] as [VARCHAR] - [30]
  12:52:16,191 TRACE BasicBinder:64 - binding parameter [4] as [VARCHAR] - [30]
  12:52:16,192 TRACE BasicBinder:64 - binding parameter [5] as [INTEGER] - [30]
  12:52:16,192 TRACE BasicBinder:64 - binding parameter [6] as [VARCHAR] - [30]
  12:52:16,192 TRACE BasicBinder:64 - binding parameter [7] as [INTEGER] - [659]
  12:52:16,193 TRACE BasicBinder:64 - binding parameter [1] as [VARCHAR] - [31]
  12:52:16,193 TRACE BasicBinder:64 - binding parameter [2] as [VARCHAR] - [31]
  12:52:16,193 TRACE BasicBinder:64 - binding parameter [3] as [VARCHAR] - [31]
  12:52:16,193 TRACE BasicBinder:64 - binding parameter [4] as [VARCHAR] - [31]
  12:52:16,193 TRACE BasicBinder:64 - binding parameter [5] as [INTEGER] - [31]
  12:52:16,194 TRACE BasicBinder:64 - binding parameter [6] as [VARCHAR] - [31]
  12:52:16,194 TRACE BasicBinder:64 - binding parameter [7] as [INTEGER] - [660]
  12:52:16,195 TRACE BasicBinder:64 - binding parameter [1] as [VARCHAR] - [32]
  12:52:16,195 TRACE BasicBinder:64 - binding parameter [2] as [VARCHAR] - [32]
  12:52:16,195 TRACE BasicBinder:64 - binding parameter [3] as [VARCHAR] - [32]
  12:52:16,195 TRACE BasicBinder:64 - binding parameter [4] as [VARCHAR] - [32]
  12:52:16,195 TRACE BasicBinder:64 - binding parameter [5] as [INTEGER] - [32]
  12:52:16,196 TRACE BasicBinder:64 - binding parameter [6] as [VARCHAR] - [32]
  12:52:16,196 TRACE BasicBinder:64 - binding parameter [7] as [INTEGER] - [661]
  12:52:16,197 TRACE BasicBinder:64 - binding parameter [1] as [VARCHAR] - [33]
  12:52:16,197 TRACE BasicBinder:64 - binding parameter [2] as [VARCHAR] - [33]
  12:52:16,197 TRACE BasicBinder:64 - binding parameter [3] as [VARCHAR] - [33]
  12:52:16,197 TRACE BasicBinder:64 - binding parameter [4] as [VARCHAR] - [33]
  12:52:16,197 TRACE BasicBinder:64 - binding parameter [5] as [INTEGER] - [33]
  12:52:16,198 TRACE BasicBinder:64 - binding parameter [6] as [VARCHAR] - [33]
  12:52:16,198 TRACE BasicBinder:64 - binding parameter [7] as [INTEGER] - [662]
  12:52:16,199 TRACE BasicBinder:64 - binding parameter [1] as [VARCHAR] - [34]
  12:52:16,199 TRACE BasicBinder:64 - binding parameter [2] as [VARCHAR] - [34]
  12:52:16,199 TRACE BasicBinder:64 - binding parameter [3] as [VARCHAR] - [34]
  12:52:16,199 TRACE BasicBinder:64 - binding parameter [4] as [VARCHAR] - [34]
  12:52:16,200 TRACE BasicBinder:64 - binding parameter [5] as [INTEGER] - [34]
  12:52:16,200 TRACE BasicBinder:64 - binding parameter [6] as [VARCHAR] - [34]
  12:52:16,200 TRACE BasicBinder:64 - binding parameter [7] as [INTEGER] - [663]
  12:52:16,201 TRACE BasicBinder:64 - binding parameter [1] as [VARCHAR] - [35]
  12:52:16,201 TRACE BasicBinder:64 - binding parameter [2] as [VARCHAR] - [35]
  12:52:16,201 TRACE BasicBinder:64 - binding parameter [3] as [VARCHAR] - [35]
  12:52:16,201 TRACE BasicBinder:64 - binding parameter [4] as [VARCHAR] - [35]
  12:52:16,202 TRACE BasicBinder:64 - binding parameter [5] as [INTEGER] - [35]
  12:52:16,202 TRACE BasicBinder:64 - binding parameter [6] as [VARCHAR] - [35]
  12:52:16,202 TRACE BasicBinder:64 - binding parameter [7] as [INTEGER] - [664]
  12:52:16,203 TRACE BasicBinder:64 - binding parameter [1] as [VARCHAR] - [36]
  12:52:16,203 TRACE BasicBinder:64 - binding parameter [2] as [VARCHAR] - [36]
  12:52:16,203 TRACE BasicBinder:64 - binding parameter [3] as [VARCHAR] - [36]
  12:52:16,203 TRACE BasicBinder:64 - binding parameter [4] as [VARCHAR] - [36]
  12:52:16,204 TRACE BasicBinder:64 - binding parameter [5] as [INTEGER] - [36]
  12:52:16,204 TRACE BasicBinder:64 - binding parameter [6] as [VARCHAR] - [36]
  12:52:16,206 TRACE BasicBinder:64 - binding parameter [7] as [INTEGER] - [665]
  12:52:16,207 TRACE BasicBinder:64 - binding parameter [1] as [VARCHAR] - [37]
  12:52:16,208 TRACE BasicBinder:64 - binding parameter [2] as [VARCHAR] - [37]
  12:52:16,208 TRACE BasicBinder:64 - binding parameter [3] as [VARCHAR] - [37]
  12:52:16,208 TRACE BasicBinder:64 - binding parameter [4] as [VARCHAR] - [37]
  12:52:16,208 TRACE BasicBinder:64 - binding parameter [5] as [INTEGER] - [37]
  12:52:16,208 TRACE BasicBinder:64 - binding parameter [6] as [VARCHAR] - [37]
  12:52:16,208 TRACE BasicBinder:64 - binding parameter [7] as [INTEGER] - [666]
  12:52:16,209 TRACE BasicBinder:64 - binding parameter [1] as [VARCHAR] - [38]
  12:52:16,210 TRACE BasicBinder:64 - binding parameter [2] as [VARCHAR] - [38]
  12:52:16,210 TRACE BasicBinder:64 - binding parameter [3] as [VARCHAR] - [38]
  12:52:16,210 TRACE BasicBinder:64 - binding parameter [4] as [VARCHAR] - [38]
  12:52:16,210 TRACE BasicBinder:64 - binding parameter [5] as [INTEGER] - [38]
  12:52:16,210 TRACE BasicBinder:64 - binding parameter [6] as [VARCHAR] - [38]
  12:52:16,210 TRACE BasicBinder:64 - binding parameter [7] as [INTEGER] - [667]
  12:52:16,211 TRACE BasicBinder:64 - binding parameter [1] as [VARCHAR] - [39]
  12:52:16,212 TRACE BasicBinder:64 - binding parameter [2] as [VARCHAR] - [39]
  12:52:16,212 TRACE BasicBinder:64 - binding parameter [3] as [VARCHAR] - [39]
  12:52:16,212 TRACE BasicBinder:64 - binding parameter [4] as [VARCHAR] - [39]
  12:52:16,212 TRACE BasicBinder:64 - binding parameter [5] as [INTEGER] - [39]
  12:52:16,212 TRACE BasicBinder:64 - binding parameter [6] as [VARCHAR] - [39]
  12:52:16,213 TRACE BasicBinder:64 - binding parameter [7] as [INTEGER] - [668]
  12:52:16,213 TRACE BasicBinder:64 - binding parameter [1] as [VARCHAR] - [40]
  12:52:16,214 TRACE BasicBinder:64 - binding parameter [2] as [VARCHAR] - [40]
  12:52:16,214 TRACE BasicBinder:64 - binding parameter [3] as [VARCHAR] - [40]
  12:52:16,214 TRACE BasicBinder:64 - binding parameter [4] as [VARCHAR] - [40]
  12:52:16,214 TRACE BasicBinder:64 - binding parameter [5] as [INTEGER] - [40]
  12:52:16,214 TRACE BasicBinder:64 - binding parameter [6] as [VARCHAR] - [40]
  12:52:16,215 TRACE BasicBinder:64 - binding parameter [7] as [INTEGER] - [669]
  12:52:16,216 TRACE BasicBinder:64 - binding parameter [1] as [VARCHAR] - [41]
  12:52:16,216 TRACE BasicBinder:64 - binding parameter [2] as [VARCHAR] - [41]
  12:52:16,216 TRACE BasicBinder:64 - binding parameter [3] as [VARCHAR] - [41]
  12:52:16,216 TRACE BasicBinder:64 - binding parameter [4] as [VARCHAR] - [41]
  12:52:16,216 TRACE BasicBinder:64 - binding parameter [5] as [INTEGER] - [41]
  12:52:16,217 TRACE BasicBinder:64 - binding parameter [6] as [VARCHAR] - [41]
  12:52:16,217 TRACE BasicBinder:64 - binding parameter [7] as [INTEGER] - [670]
  12:52:16,218 TRACE BasicBinder:64 - binding parameter [1] as [VARCHAR] - [42]
  12:52:16,218 TRACE BasicBinder:64 - binding parameter [2] as [VARCHAR] - [42]
  12:52:16,218 TRACE BasicBinder:64 - binding parameter [3] as [VARCHAR] - [42]
  12:52:16,218 TRACE BasicBinder:64 - binding parameter [4] as [VARCHAR] - [42]
  12:52:16,218 TRACE BasicBinder:64 - binding parameter [5] as [INTEGER] - [42]
  12:52:16,218 TRACE BasicBinder:64 - binding parameter [6] as [VARCHAR] - [42]
  12:52:16,219 TRACE BasicBinder:64 - binding parameter [7] as [INTEGER] - [671]
  12:52:16,220 TRACE BasicBinder:64 - binding parameter [1] as [VARCHAR] - [43]
  12:52:16,220 TRACE BasicBinder:64 - binding parameter [2] as [VARCHAR] - [43]
  12:52:16,220 TRACE BasicBinder:64 - binding parameter [3] as [VARCHAR] - [43]
  12:52:16,220 TRACE BasicBinder:64 - binding parameter [4] as [VARCHAR] - [43]
  12:52:16,220 TRACE BasicBinder:64 - binding parameter [5] as [INTEGER] - [43]
  12:52:16,220 TRACE BasicBinder:64 - binding parameter [6] as [VARCHAR] - [43]
  12:52:16,221 TRACE BasicBinder:64 - binding parameter [7] as [INTEGER] - [672]
  12:52:16,222 TRACE BasicBinder:64 - binding parameter [1] as [VARCHAR] - [44]
  12:52:16,222 TRACE BasicBinder:64 - binding parameter [2] as [VARCHAR] - [44]
  12:52:16,222 TRACE BasicBinder:64 - binding parameter [3] as [VARCHAR] - [44]
  12:52:16,222 TRACE BasicBinder:64 - binding parameter [4] as [VARCHAR] - [44]
  12:52:16,222 TRACE BasicBinder:64 - binding parameter [5] as [INTEGER] - [44]
  12:52:16,222 TRACE BasicBinder:64 - binding parameter [6] as [VARCHAR] - [44]
  12:52:16,223 TRACE BasicBinder:64 - binding parameter [7] as [INTEGER] - [673]
  12:52:16,223 TRACE BasicBinder:64 - binding parameter [1] as [VARCHAR] - [45]
  12:52:16,224 TRACE BasicBinder:64 - binding parameter [2] as [VARCHAR] - [45]
  12:52:16,224 TRACE BasicBinder:64 - binding parameter [3] as [VARCHAR] - [45]
  12:52:16,224 TRACE BasicBinder:64 - binding parameter [4] as [VARCHAR] - [45]
  12:52:16,224 TRACE BasicBinder:64 - binding parameter [5] as [INTEGER] - [45]
  12:52:16,224 TRACE BasicBinder:64 - binding parameter [6] as [VARCHAR] - [45]
  12:52:16,224 TRACE BasicBinder:64 - binding parameter [7] as [INTEGER] - [674]
  12:52:16,225 TRACE BasicBinder:64 - binding parameter [1] as [VARCHAR] - [46]
  12:52:16,226 TRACE BasicBinder:64 - binding parameter [2] as [VARCHAR] - [46]
  12:52:16,226 TRACE BasicBinder:64 - binding parameter [3] as [VARCHAR] - [46]
  12:52:16,226 TRACE BasicBinder:64 - binding parameter [4] as [VARCHAR] - [46]
  12:52:16,226 TRACE BasicBinder:64 - binding parameter [5] as [INTEGER] - [46]
  12:52:16,226 TRACE BasicBinder:64 - binding parameter [6] as [VARCHAR] - [46]
  12:52:16,226 TRACE BasicBinder:64 - binding parameter [7] as [INTEGER] - [675]
  12:52:16,227 TRACE BasicBinder:64 - binding parameter [1] as [VARCHAR] - [47]
  12:52:16,228 TRACE BasicBinder:64 - binding parameter [2] as [VARCHAR] - [47]
  12:52:16,228 TRACE BasicBinder:64 - binding parameter [3] as [VARCHAR] - [47]
  12:52:16,228 TRACE BasicBinder:64 - binding parameter [4] as [VARCHAR] - [47]
  12:52:16,228 TRACE BasicBinder:64 - binding parameter [5] as [INTEGER] - [47]
  12:52:16,228 TRACE BasicBinder:64 - binding parameter [6] as [VARCHAR] - [47]
  12:52:16,228 TRACE BasicBinder:64 - binding parameter [7] as [INTEGER] - [676]
  12:52:16,229 TRACE BasicBinder:64 - binding parameter [1] as [VARCHAR] - [48]
  12:52:16,229 TRACE BasicBinder:64 - binding parameter [2] as [VARCHAR] - [48]
  12:52:16,230 TRACE BasicBinder:64 - binding parameter [3] as [VARCHAR] - [48]
  12:52:16,230 TRACE BasicBinder:64 - binding parameter [4] as [VARCHAR] - [48]
  12:52:16,230 TRACE BasicBinder:64 - binding parameter [5] as [INTEGER] - [48]
  12:52:16,230 TRACE BasicBinder:64 - binding parameter [6] as [VARCHAR] - [48]
  12:52:16,230 TRACE BasicBinder:64 - binding parameter [7] as [INTEGER] - [677]
  12:52:16,231 TRACE BasicBinder:64 - binding parameter [1] as [VARCHAR] - [49]
  12:52:16,231 TRACE BasicBinder:64 - binding parameter [2] as [VARCHAR] - [49]
  12:52:16,232 TRACE BasicBinder:64 - binding parameter [3] as [VARCHAR] - [49]
  12:52:16,232 TRACE BasicBinder:64 - binding parameter [4] as [VARCHAR] - [49]
  12:52:16,232 TRACE BasicBinder:64 - binding parameter [5] as [INTEGER] - [49]
  12:52:16,232 TRACE BasicBinder:64 - binding parameter [6] as [VARCHAR] - [49]
  12:52:16,232 TRACE BasicBinder:64 - binding parameter [7] as [INTEGER] - [678]
  12:52:16,233 TRACE BasicBinder:64 - binding parameter [1] as [VARCHAR] - [50]
  12:52:16,233 TRACE BasicBinder:64 - binding parameter [2] as [VARCHAR] - [50]
  12:52:16,233 TRACE BasicBinder:64 - binding parameter [3] as [VARCHAR] - [50]
  12:52:16,234 TRACE BasicBinder:64 - binding parameter [4] as [VARCHAR] - [50]
  12:52:16,234 TRACE BasicBinder:64 - binding parameter [5] as [INTEGER] - [50]
  12:52:16,234 TRACE BasicBinder:64 - binding parameter [6] as [VARCHAR] - [50]
  12:52:16,234 TRACE BasicBinder:64 - binding parameter [7] as [INTEGER] - [679]
  12:57:10,775  INFO Version:44 - HHH000412: Hibernate ORM core version 5.4.30.Final
  12:57:11,314  INFO Version:56 - HCANN000001: Hibernate Commons Annotations {5.1.2.Final}
  12:57:11,892 DEBUG BasicTypeRegistry:157 - Adding type registration boolean -> org.hibernate.type.BooleanType@a61224
  12:57:11,893 DEBUG BasicTypeRegistry:157 - Adding type registration boolean -> org.hibernate.type.BooleanType@a61224
  12:57:11,893 DEBUG BasicTypeRegistry:157 - Adding type registration java.lang.Boolean -> org.hibernate.type.BooleanType@a61224
  12:57:11,894 DEBUG BasicTypeRegistry:157 - Adding type registration numeric_boolean -> org.hibernate.type.NumericBooleanType@19ebf0
  12:57:11,895 DEBUG BasicTypeRegistry:157 - Adding type registration true_false -> org.hibernate.type.TrueFalseType@6472c
  12:57:11,895 DEBUG BasicTypeRegistry:157 - Adding type registration yes_no -> org.hibernate.type.YesNoType@16278d
  12:57:11,897 DEBUG BasicTypeRegistry:157 - Adding type registration byte -> org.hibernate.type.ByteType@7eb8cb
  12:57:11,897 DEBUG BasicTypeRegistry:157 - Adding type registration byte -> org.hibernate.type.ByteType@7eb8cb
  12:57:11,897 DEBUG BasicTypeRegistry:157 - Adding type registration java.lang.Byte -> org.hibernate.type.ByteType@7eb8cb
  12:57:11,898 DEBUG BasicTypeRegistry:157 - Adding type registration character -> org.hibernate.type.CharacterType@e6c6ec
  12:57:11,899 DEBUG BasicTypeRegistry:157 - Adding type registration char -> org.hibernate.type.CharacterType@e6c6ec
  12:57:11,899 DEBUG BasicTypeRegistry:157 - Adding type registration java.lang.Character -> org.hibernate.type.CharacterType@e6c6ec
  12:57:11,900 DEBUG BasicTypeRegistry:157 - Adding type registration short -> org.hibernate.type.ShortType@72fe87
  12:57:11,901 DEBUG BasicTypeRegistry:157 - Adding type registration short -> org.hibernate.type.ShortType@72fe87
  12:57:11,901 DEBUG BasicTypeRegistry:157 - Adding type registration java.lang.Short -> org.hibernate.type.ShortType@72fe87
  12:57:11,903 DEBUG BasicTypeRegistry:157 - Adding type registration integer -> org.hibernate.type.IntegerType@3d57c7
  12:57:11,903 DEBUG BasicTypeRegistry:157 - Adding type registration int -> org.hibernate.type.IntegerType@3d57c7
  12:57:11,903 DEBUG BasicTypeRegistry:157 - Adding type registration java.lang.Integer -> org.hibernate.type.IntegerType@3d57c7
  12:57:11,904 DEBUG BasicTypeRegistry:157 - Adding type registration long -> org.hibernate.type.LongType@18c5a9c
  12:57:11,905 DEBUG BasicTypeRegistry:157 - Adding type registration long -> org.hibernate.type.LongType@18c5a9c
  12:57:11,905 DEBUG BasicTypeRegistry:157 - Adding type registration java.lang.Long -> org.hibernate.type.LongType@18c5a9c
  12:57:11,906 DEBUG BasicTypeRegistry:157 - Adding type registration float -> org.hibernate.type.FloatType@12729ad
  12:57:11,906 DEBUG BasicTypeRegistry:157 - Adding type registration float -> org.hibernate.type.FloatType@12729ad
  12:57:11,906 DEBUG BasicTypeRegistry:157 - Adding type registration java.lang.Float -> org.hibernate.type.FloatType@12729ad
  12:57:11,907 DEBUG BasicTypeRegistry:157 - Adding type registration double -> org.hibernate.type.DoubleType@57aebb
  12:57:11,907 DEBUG BasicTypeRegistry:157 - Adding type registration double -> org.hibernate.type.DoubleType@57aebb
  12:57:11,908 DEBUG BasicTypeRegistry:157 - Adding type registration java.lang.Double -> org.hibernate.type.DoubleType@57aebb
  12:57:11,909 DEBUG BasicTypeRegistry:157 - Adding type registration big_decimal -> org.hibernate.type.BigDecimalType@1129f1f
  12:57:11,909 DEBUG BasicTypeRegistry:157 - Adding type registration java.math.BigDecimal -> org.hibernate.type.BigDecimalType@1129f1f
  12:57:11,910 DEBUG BasicTypeRegistry:157 - Adding type registration big_integer -> org.hibernate.type.BigIntegerType@d279ec
  12:57:11,910 DEBUG BasicTypeRegistry:157 - Adding type registration java.math.BigInteger -> org.hibernate.type.BigIntegerType@d279ec
  12:57:11,911 DEBUG BasicTypeRegistry:157 - Adding type registration string -> org.hibernate.type.StringType@165be2d
  12:57:11,911 DEBUG BasicTypeRegistry:157 - Adding type registration java.lang.String -> org.hibernate.type.StringType@165be2d
  12:57:11,912 DEBUG BasicTypeRegistry:157 - Adding type registration nstring -> org.hibernate.type.StringNVarcharType@16f416f
  12:57:11,912 DEBUG BasicTypeRegistry:157 - Adding type registration ncharacter -> org.hibernate.type.CharacterNCharType@793bef
  12:57:11,913 DEBUG BasicTypeRegistry:157 - Adding type registration url -> org.hibernate.type.UrlType@c73c26
  12:57:11,914 DEBUG BasicTypeRegistry:157 - Adding type registration java.net.URL -> org.hibernate.type.UrlType@c73c26
  12:57:11,915 DEBUG BasicTypeRegistry:157 - Adding type registration Duration -> org.hibernate.type.DurationType@196c360
  12:57:11,915 DEBUG BasicTypeRegistry:157 - Adding type registration java.time.Duration -> org.hibernate.type.DurationType@196c360
  12:57:11,925 DEBUG BasicTypeRegistry:157 - Adding type registration Instant -> org.hibernate.type.InstantType@214cc0
  12:57:11,926 DEBUG BasicTypeRegistry:157 - Adding type registration java.time.Instant -> org.hibernate.type.InstantType@214cc0
  12:57:11,927 DEBUG BasicTypeRegistry:157 - Adding type registration LocalDateTime -> org.hibernate.type.LocalDateTimeType@1eda63
  12:57:11,927 DEBUG BasicTypeRegistry:157 - Adding type registration java.time.LocalDateTime -> org.hibernate.type.LocalDateTimeType@1eda63
  12:57:11,929 DEBUG BasicTypeRegistry:157 - Adding type registration LocalDate -> org.hibernate.type.LocalDateType@1d39d3c
  12:57:11,929 DEBUG BasicTypeRegistry:157 - Adding type registration java.time.LocalDate -> org.hibernate.type.LocalDateType@1d39d3c
  12:57:11,930 DEBUG BasicTypeRegistry:157 - Adding type registration LocalTime -> org.hibernate.type.LocalTimeType@54d35e
  12:57:11,930 DEBUG BasicTypeRegistry:157 - Adding type registration java.time.LocalTime -> org.hibernate.type.LocalTimeType@54d35e
  12:57:11,932 DEBUG BasicTypeRegistry:157 - Adding type registration OffsetDateTime -> org.hibernate.type.OffsetDateTimeType@b06251
  12:57:11,932 DEBUG BasicTypeRegistry:157 - Adding type registration java.time.OffsetDateTime -> org.hibernate.type.OffsetDateTimeType@b06251
  12:57:11,933 DEBUG BasicTypeRegistry:157 - Adding type registration OffsetTime -> org.hibernate.type.OffsetTimeType@1e505b2
  12:57:11,933 DEBUG BasicTypeRegistry:157 - Adding type registration java.time.OffsetTime -> org.hibernate.type.OffsetTimeType@1e505b2
  12:57:11,936 DEBUG BasicTypeRegistry:157 - Adding type registration ZonedDateTime -> org.hibernate.type.ZonedDateTimeType@1133c06
  12:57:11,936 DEBUG BasicTypeRegistry:157 - Adding type registration java.time.ZonedDateTime -> org.hibernate.type.ZonedDateTimeType@1133c06
  12:57:11,938 DEBUG BasicTypeRegistry:157 - Adding type registration date -> org.hibernate.type.DateType@604b81
  12:57:11,938 DEBUG BasicTypeRegistry:157 - Adding type registration java.sql.Date -> org.hibernate.type.DateType@604b81
  12:57:11,939 DEBUG BasicTypeRegistry:157 - Adding type registration time -> org.hibernate.type.TimeType@e3540e
  12:57:11,939 DEBUG BasicTypeRegistry:157 - Adding type registration java.sql.Time -> org.hibernate.type.TimeType@e3540e
  12:57:11,941 DEBUG BasicTypeRegistry:157 - Adding type registration timestamp -> org.hibernate.type.TimestampType@17c9034
  12:57:11,941 DEBUG BasicTypeRegistry:157 - Adding type registration java.sql.Timestamp -> org.hibernate.type.TimestampType@17c9034
  12:57:11,941 DEBUG BasicTypeRegistry:157 - Adding type registration java.util.Date -> org.hibernate.type.TimestampType@17c9034
  12:57:11,943 DEBUG BasicTypeRegistry:157 - Adding type registration dbtimestamp -> org.hibernate.type.DbTimestampType@157bcad
  12:57:11,944 DEBUG BasicTypeRegistry:157 - Adding type registration calendar -> org.hibernate.type.CalendarType@a5cabc
  12:57:11,944 DEBUG BasicTypeRegistry:157 - Adding type registration java.util.Calendar -> org.hibernate.type.CalendarType@a5cabc
  12:57:11,944 DEBUG BasicTypeRegistry:157 - Adding type registration java.util.GregorianCalendar -> org.hibernate.type.CalendarType@a5cabc
  12:57:11,945 DEBUG BasicTypeRegistry:157 - Adding type registration calendar_date -> org.hibernate.type.CalendarDateType@530531
  12:57:11,946 DEBUG BasicTypeRegistry:157 - Adding type registration calendar_time -> org.hibernate.type.CalendarTimeType@1c407fd
  12:57:11,947 DEBUG BasicTypeRegistry:157 - Adding type registration locale -> org.hibernate.type.LocaleType@f5c734
  12:57:11,947 DEBUG BasicTypeRegistry:157 - Adding type registration java.util.Locale -> org.hibernate.type.LocaleType@f5c734
  12:57:11,948 DEBUG BasicTypeRegistry:157 - Adding type registration currency -> org.hibernate.type.CurrencyType@1697186
  12:57:11,948 DEBUG BasicTypeRegistry:157 - Adding type registration java.util.Currency -> org.hibernate.type.CurrencyType@1697186
  12:57:11,949 DEBUG BasicTypeRegistry:157 - Adding type registration timezone -> org.hibernate.type.TimeZoneType@b61c56
  12:57:11,949 DEBUG BasicTypeRegistry:157 - Adding type registration java.util.TimeZone -> org.hibernate.type.TimeZoneType@b61c56
  12:57:11,950 DEBUG BasicTypeRegistry:157 - Adding type registration class -> org.hibernate.type.ClassType@d2ce03
  12:57:11,950 DEBUG BasicTypeRegistry:157 - Adding type registration java.lang.Class -> org.hibernate.type.ClassType@d2ce03
  12:57:11,951 DEBUG BasicTypeRegistry:157 - Adding type registration uuid-binary -> org.hibernate.type.UUIDBinaryType@1984b1f
  12:57:11,951 DEBUG BasicTypeRegistry:157 - Adding type registration java.util.UUID -> org.hibernate.type.UUIDBinaryType@1984b1f
  12:57:11,952 DEBUG BasicTypeRegistry:157 - Adding type registration uuid-char -> org.hibernate.type.UUIDCharType@7ba306
  12:57:11,953 DEBUG BasicTypeRegistry:157 - Adding type registration binary -> org.hibernate.type.BinaryType@4980d3
  12:57:11,953 DEBUG BasicTypeRegistry:157 - Adding type registration byte[] -> org.hibernate.type.BinaryType@4980d3
  12:57:11,953 DEBUG BasicTypeRegistry:157 - Adding type registration [B -> org.hibernate.type.BinaryType@4980d3
  12:57:11,955 DEBUG BasicTypeRegistry:157 - Adding type registration wrapper-binary -> org.hibernate.type.WrapperBinaryType@b27cdc
  12:57:11,955 DEBUG BasicTypeRegistry:157 - Adding type registration Byte[] -> org.hibernate.type.WrapperBinaryType@b27cdc
  12:57:11,955 DEBUG BasicTypeRegistry:157 - Adding type registration [Ljava.lang.Byte; -> org.hibernate.type.WrapperBinaryType@b27cdc
  12:57:11,956 DEBUG BasicTypeRegistry:157 - Adding type registration row_version -> org.hibernate.type.RowVersionType@6104fc
  12:57:11,957 DEBUG BasicTypeRegistry:157 - Adding type registration image -> org.hibernate.type.ImageType@19460a6
  12:57:11,959 DEBUG BasicTypeRegistry:157 - Adding type registration characters -> org.hibernate.type.CharArrayType@702e03
  12:57:11,960 DEBUG BasicTypeRegistry:157 - Adding type registration char[] -> org.hibernate.type.CharArrayType@702e03
  12:57:11,960 DEBUG BasicTypeRegistry:157 - Adding type registration [C -> org.hibernate.type.CharArrayType@702e03
  12:57:11,961 DEBUG BasicTypeRegistry:157 - Adding type registration wrapper-characters -> org.hibernate.type.CharacterArrayType@18c99c8
  12:57:11,961 DEBUG BasicTypeRegistry:157 - Adding type registration [Ljava.lang.Character; -> org.hibernate.type.CharacterArrayType@18c99c8
  12:57:11,961 DEBUG BasicTypeRegistry:157 - Adding type registration Character[] -> org.hibernate.type.CharacterArrayType@18c99c8
  12:57:11,962 DEBUG BasicTypeRegistry:157 - Adding type registration text -> org.hibernate.type.TextType@172b013
  12:57:11,962 DEBUG BasicTypeRegistry:157 - Adding type registration ntext -> org.hibernate.type.NTextType@14711e2
  12:57:11,964 DEBUG BasicTypeRegistry:157 - Adding type registration blob -> org.hibernate.type.BlobType@16ec132
  12:57:11,964 DEBUG BasicTypeRegistry:157 - Adding type registration java.sql.Blob -> org.hibernate.type.BlobType@16ec132
  12:57:11,964 DEBUG BasicTypeRegistry:157 - Adding type registration materialized_blob -> org.hibernate.type.MaterializedBlobType@78d320
  12:57:11,966 DEBUG BasicTypeRegistry:157 - Adding type registration clob -> org.hibernate.type.ClobType@1f259c3
  12:57:11,966 DEBUG BasicTypeRegistry:157 - Adding type registration java.sql.Clob -> org.hibernate.type.ClobType@1f259c3
  12:57:11,968 DEBUG BasicTypeRegistry:157 - Adding type registration nclob -> org.hibernate.type.NClobType@d6692f
  12:57:11,968 DEBUG BasicTypeRegistry:157 - Adding type registration java.sql.NClob -> org.hibernate.type.NClobType@d6692f
  12:57:11,968 DEBUG BasicTypeRegistry:157 - Adding type registration materialized_clob -> org.hibernate.type.MaterializedClobType@12691d7
  12:57:11,969 DEBUG BasicTypeRegistry:157 - Adding type registration materialized_nclob -> org.hibernate.type.MaterializedNClobType@576fa0
  12:57:11,970 DEBUG BasicTypeRegistry:157 - Adding type registration serializable -> org.hibernate.type.SerializableType@589991
  12:57:11,974 DEBUG BasicTypeRegistry:157 - Adding type registration object -> org.hibernate.type.ObjectType@1cd37c0
  12:57:11,974 DEBUG BasicTypeRegistry:157 - Adding type registration java.lang.Object -> org.hibernate.type.ObjectType@1cd37c0
  12:57:11,975 DEBUG BasicTypeRegistry:157 - Adding type registration imm_date -> org.hibernate.type.AdaptedImmutableType@362b6b
  12:57:11,975 DEBUG BasicTypeRegistry:157 - Adding type registration imm_time -> org.hibernate.type.AdaptedImmutableType@df60da
  12:57:11,975 DEBUG BasicTypeRegistry:157 - Adding type registration imm_timestamp -> org.hibernate.type.AdaptedImmutableType@2d131d
  12:57:11,975 DEBUG BasicTypeRegistry:157 - Adding type registration imm_dbtimestamp -> org.hibernate.type.AdaptedImmutableType@14fc1f0
  12:57:11,975 DEBUG BasicTypeRegistry:157 - Adding type registration imm_calendar -> org.hibernate.type.AdaptedImmutableType@e9cfc1
  12:57:11,975 DEBUG BasicTypeRegistry:157 - Adding type registration imm_calendar_date -> org.hibernate.type.AdaptedImmutableType@12baff6
  12:57:11,976 DEBUG BasicTypeRegistry:157 - Adding type registration imm_binary -> org.hibernate.type.AdaptedImmutableType@12ceb35
  12:57:11,976 DEBUG BasicTypeRegistry:157 - Adding type registration imm_serializable -> org.hibernate.type.AdaptedImmutableType@93f6e1
  12:57:12,020  WARN pooling:72 - HHH10001002: Using Hibernate built-in connection pool (not for production use!)
  12:57:12,027  INFO pooling:115 - HHH10001005: using driver [org.postgresql.Driver] at URL [jdbc:postgresql://localhost:5432/]
  12:57:12,027  INFO pooling:124 - HHH10001001: Connection properties: {user=postgres, password=****}
  12:57:12,027  INFO pooling:129 - HHH10001003: Autocommit mode: false
  12:57:12,031  INFO DriverManagerConnectionProviderImpl:259 - HHH000115: Hibernate connection pool size: 20 (min=1)
  12:57:12,820  INFO Dialect:175 - HHH000400: Using dialect: org.hibernate.dialect.PostgreSQL9Dialect
  12:57:13,079 DEBUG BasicTypeRegistry:157 - Adding type registration pg-uuid -> org.hibernate.type.PostgresUUIDType@2eef62
  12:57:13,080 DEBUG BasicTypeRegistry:157 - Adding type registration java.util.UUID -> org.hibernate.type.PostgresUUIDType@2eef62
  12:57:13,080 DEBUG BasicTypeRegistry:160 - HHH000270: Type registration [java.util.UUID] overrides previous : org.hibernate.type.UUIDBinaryType@1984b1f
  12:57:13,082 DEBUG TypeConfiguration$Scope:152 - Scoping TypeConfiguration [org.hibernate.type.spi.TypeConfiguration@f65451] to MetadataBuildingContext [org.hibernate.boot.internal.MetadataBuildingContextRootImpl@4f138e]
  12:57:13,382 DEBUG TypeConfiguration$Scope:157 - Scoping TypeConfiguration [org.hibernate.type.spi.TypeConfiguration@f65451] to SessionFactoryImpl [org.hibernate.internal.SessionFactoryImpl@ab05ed]
  12:57:13,856  INFO access:47 - HHH10001501: Connection obtained from JdbcConnectionAccess [org.hibernate.engine.jdbc.env.internal.JdbcEnvironmentInitiator$ConnectionProviderJdbcConnectionAccess@11cbb1a] for (non-JTA) DDL execution was not in auto-commit mode; the Connection 'local transaction' will be committed and the Connection will be set into auto-commit mode.
  12:57:14,171  INFO JtaPlatformInitiator:52 - HHH000490: Using JtaPlatform implementation: [org.hibernate.engine.transaction.jta.platform.internal.NoJtaPlatform]
  12:57:14,182 TRACE TypeConfiguration$Scope:205 - Handling #sessionFactoryCreated from [org.hibernate.internal.SessionFactoryImpl@ab05ed] for TypeConfiguration
  12:57:14,389 TRACE BasicExtractor:60 - extracted value ([user_id1_1_] : [INTEGER]) - [631]
  12:57:14,395 TRACE BasicExtractor:60 - extracted value ([email2_1_] : [VARCHAR]) - [2]
  12:57:14,396 TRACE BasicExtractor:60 - extracted value ([firstnam3_1_] : [VARCHAR]) - [2]
  12:57:14,396 TRACE BasicExtractor:60 - extracted value ([lastname4_1_] : [VARCHAR]) - [2]
  12:57:14,396 TRACE BasicExtractor:60 - extracted value ([password5_1_] : [VARCHAR]) - [2]
  12:57:14,396 TRACE BasicExtractor:60 - extracted value ([role_id6_1_] : [INTEGER]) - [2]
  12:57:14,396 TRACE BasicExtractor:60 - extracted value ([username7_1_] : [VARCHAR]) - [2]
  12:57:14,400 TRACE BasicExtractor:60 - extracted value ([user_id1_1_] : [INTEGER]) - [632]
  12:57:14,401 TRACE BasicExtractor:60 - extracted value ([email2_1_] : [VARCHAR]) - [3]
  12:57:14,401 TRACE BasicExtractor:60 - extracted value ([firstnam3_1_] : [VARCHAR]) - [3]
  12:57:14,401 TRACE BasicExtractor:60 - extracted value ([lastname4_1_] : [VARCHAR]) - [3]
  12:57:14,401 TRACE BasicExtractor:60 - extracted value ([password5_1_] : [VARCHAR]) - [3]
  12:57:14,401 TRACE BasicExtractor:60 - extracted value ([role_id6_1_] : [INTEGER]) - [3]
  12:57:14,402 TRACE BasicExtractor:60 - extracted value ([username7_1_] : [VARCHAR]) - [3]
  12:57:14,402 TRACE BasicExtractor:60 - extracted value ([user_id1_1_] : [INTEGER]) - [633]
  12:57:14,402 TRACE BasicExtractor:60 - extracted value ([email2_1_] : [VARCHAR]) - [4]
  12:57:14,402 TRACE BasicExtractor:60 - extracted value ([firstnam3_1_] : [VARCHAR]) - [4]
  12:57:14,402 TRACE BasicExtractor:60 - extracted value ([lastname4_1_] : [VARCHAR]) - [4]
  12:57:14,402 TRACE BasicExtractor:60 - extracted value ([password5_1_] : [VARCHAR]) - [4]
  12:57:14,403 TRACE BasicExtractor:60 - extracted value ([role_id6_1_] : [INTEGER]) - [4]
  12:57:14,403 TRACE BasicExtractor:60 - extracted value ([username7_1_] : [VARCHAR]) - [4]
  12:57:14,403 TRACE BasicExtractor:60 - extracted value ([user_id1_1_] : [INTEGER]) - [634]
  12:57:14,403 TRACE BasicExtractor:60 - extracted value ([email2_1_] : [VARCHAR]) - [5]
  12:57:14,403 TRACE BasicExtractor:60 - extracted value ([firstnam3_1_] : [VARCHAR]) - [5]
  12:57:14,404 TRACE BasicExtractor:60 - extracted value ([lastname4_1_] : [VARCHAR]) - [5]
  12:57:14,404 TRACE BasicExtractor:60 - extracted value ([password5_1_] : [VARCHAR]) - [5]
  12:57:14,404 TRACE BasicExtractor:60 - extracted value ([role_id6_1_] : [INTEGER]) - [5]
  12:57:14,404 TRACE BasicExtractor:60 - extracted value ([username7_1_] : [VARCHAR]) - [5]
  12:57:14,404 TRACE BasicExtractor:60 - extracted value ([user_id1_1_] : [INTEGER]) - [635]
  12:57:14,405 TRACE BasicExtractor:60 - extracted value ([email2_1_] : [VARCHAR]) - [6]
  12:57:14,405 TRACE BasicExtractor:60 - extracted value ([firstnam3_1_] : [VARCHAR]) - [6]
  12:57:14,405 TRACE BasicExtractor:60 - extracted value ([lastname4_1_] : [VARCHAR]) - [6]
  12:57:14,405 TRACE BasicExtractor:60 - extracted value ([password5_1_] : [VARCHAR]) - [6]
  12:57:14,405 TRACE BasicExtractor:60 - extracted value ([role_id6_1_] : [INTEGER]) - [6]
  12:57:14,405 TRACE BasicExtractor:60 - extracted value ([username7_1_] : [VARCHAR]) - [6]
  12:57:14,406 TRACE BasicExtractor:60 - extracted value ([user_id1_1_] : [INTEGER]) - [636]
  12:57:14,406 TRACE BasicExtractor:60 - extracted value ([email2_1_] : [VARCHAR]) - [7]
  12:57:14,406 TRACE BasicExtractor:60 - extracted value ([firstnam3_1_] : [VARCHAR]) - [7]
  12:57:14,406 TRACE BasicExtractor:60 - extracted value ([lastname4_1_] : [VARCHAR]) - [7]
  12:57:14,406 TRACE BasicExtractor:60 - extracted value ([password5_1_] : [VARCHAR]) - [7]
  12:57:14,407 TRACE BasicExtractor:60 - extracted value ([role_id6_1_] : [INTEGER]) - [7]
  12:57:14,407 TRACE BasicExtractor:60 - extracted value ([username7_1_] : [VARCHAR]) - [7]
  12:57:14,407 TRACE BasicExtractor:60 - extracted value ([user_id1_1_] : [INTEGER]) - [637]
  12:57:14,407 TRACE BasicExtractor:60 - extracted value ([email2_1_] : [VARCHAR]) - [8]
  12:57:14,407 TRACE BasicExtractor:60 - extracted value ([firstnam3_1_] : [VARCHAR]) - [8]
  12:57:14,408 TRACE BasicExtractor:60 - extracted value ([lastname4_1_] : [VARCHAR]) - [8]
  12:57:14,408 TRACE BasicExtractor:60 - extracted value ([password5_1_] : [VARCHAR]) - [8]
  12:57:14,408 TRACE BasicExtractor:60 - extracted value ([role_id6_1_] : [INTEGER]) - [8]
  12:57:14,408 TRACE BasicExtractor:60 - extracted value ([username7_1_] : [VARCHAR]) - [8]
  12:57:14,408 TRACE BasicExtractor:60 - extracted value ([user_id1_1_] : [INTEGER]) - [638]
  12:57:14,409 TRACE BasicExtractor:60 - extracted value ([email2_1_] : [VARCHAR]) - [9]
  12:57:14,409 TRACE BasicExtractor:60 - extracted value ([firstnam3_1_] : [VARCHAR]) - [9]
  12:57:14,409 TRACE BasicExtractor:60 - extracted value ([lastname4_1_] : [VARCHAR]) - [9]
  12:57:14,409 TRACE BasicExtractor:60 - extracted value ([password5_1_] : [VARCHAR]) - [9]
  12:57:14,409 TRACE BasicExtractor:60 - extracted value ([role_id6_1_] : [INTEGER]) - [9]
  12:57:14,410 TRACE BasicExtractor:60 - extracted value ([username7_1_] : [VARCHAR]) - [9]
  12:57:14,410 TRACE BasicExtractor:60 - extracted value ([user_id1_1_] : [INTEGER]) - [639]
  12:57:14,410 TRACE BasicExtractor:60 - extracted value ([email2_1_] : [VARCHAR]) - [10]
  12:57:14,410 TRACE BasicExtractor:60 - extracted value ([firstnam3_1_] : [VARCHAR]) - [10]
  12:57:14,410 TRACE BasicExtractor:60 - extracted value ([lastname4_1_] : [VARCHAR]) - [10]
  12:57:14,410 TRACE BasicExtractor:60 - extracted value ([password5_1_] : [VARCHAR]) - [10]
  12:57:14,411 TRACE BasicExtractor:60 - extracted value ([role_id6_1_] : [INTEGER]) - [10]
  12:57:14,411 TRACE BasicExtractor:60 - extracted value ([username7_1_] : [VARCHAR]) - [10]
  12:57:14,411 TRACE BasicExtractor:60 - extracted value ([user_id1_1_] : [INTEGER]) - [640]
  12:57:14,411 TRACE BasicExtractor:60 - extracted value ([email2_1_] : [VARCHAR]) - [11]
  12:57:14,411 TRACE BasicExtractor:60 - extracted value ([firstnam3_1_] : [VARCHAR]) - [11]
  12:57:14,412 TRACE BasicExtractor:60 - extracted value ([lastname4_1_] : [VARCHAR]) - [11]
  12:57:14,412 TRACE BasicExtractor:60 - extracted value ([password5_1_] : [VARCHAR]) - [11]
  12:57:14,412 TRACE BasicExtractor:60 - extracted value ([role_id6_1_] : [INTEGER]) - [11]
  12:57:14,412 TRACE BasicExtractor:60 - extracted value ([username7_1_] : [VARCHAR]) - [11]
  12:57:14,412 TRACE BasicExtractor:60 - extracted value ([user_id1_1_] : [INTEGER]) - [641]
  12:57:14,413 TRACE BasicExtractor:60 - extracted value ([email2_1_] : [VARCHAR]) - [12]
  12:57:14,413 TRACE BasicExtractor:60 - extracted value ([firstnam3_1_] : [VARCHAR]) - [12]
  12:57:14,413 TRACE BasicExtractor:60 - extracted value ([lastname4_1_] : [VARCHAR]) - [12]
  12:57:14,413 TRACE BasicExtractor:60 - extracted value ([password5_1_] : [VARCHAR]) - [12]
  12:57:14,413 TRACE BasicExtractor:60 - extracted value ([role_id6_1_] : [INTEGER]) - [12]
  12:57:14,413 TRACE BasicExtractor:60 - extracted value ([username7_1_] : [VARCHAR]) - [12]
  12:57:14,414 TRACE BasicExtractor:60 - extracted value ([user_id1_1_] : [INTEGER]) - [642]
  12:57:14,414 TRACE BasicExtractor:60 - extracted value ([email2_1_] : [VARCHAR]) - [13]
  12:57:14,414 TRACE BasicExtractor:60 - extracted value ([firstnam3_1_] : [VARCHAR]) - [13]
  12:57:14,414 TRACE BasicExtractor:60 - extracted value ([lastname4_1_] : [VARCHAR]) - [13]
  12:57:14,414 TRACE BasicExtractor:60 - extracted value ([password5_1_] : [VARCHAR]) - [13]
  12:57:14,415 TRACE BasicExtractor:60 - extracted value ([role_id6_1_] : [INTEGER]) - [13]
  12:57:14,415 TRACE BasicExtractor:60 - extracted value ([username7_1_] : [VARCHAR]) - [13]
  12:57:14,415 TRACE BasicExtractor:60 - extracted value ([user_id1_1_] : [INTEGER]) - [643]
  12:57:14,415 TRACE BasicExtractor:60 - extracted value ([email2_1_] : [VARCHAR]) - [14]
  12:57:14,415 TRACE BasicExtractor:60 - extracted value ([firstnam3_1_] : [VARCHAR]) - [14]
  12:57:14,416 TRACE BasicExtractor:60 - extracted value ([lastname4_1_] : [VARCHAR]) - [14]
  12:57:14,416 TRACE BasicExtractor:60 - extracted value ([password5_1_] : [VARCHAR]) - [14]
  12:57:14,416 TRACE BasicExtractor:60 - extracted value ([role_id6_1_] : [INTEGER]) - [14]
  12:57:14,416 TRACE BasicExtractor:60 - extracted value ([username7_1_] : [VARCHAR]) - [14]
  12:57:14,416 TRACE BasicExtractor:60 - extracted value ([user_id1_1_] : [INTEGER]) - [644]
  12:57:14,417 TRACE BasicExtractor:60 - extracted value ([email2_1_] : [VARCHAR]) - [15]
  12:57:14,417 TRACE BasicExtractor:60 - extracted value ([firstnam3_1_] : [VARCHAR]) - [15]
  12:57:14,417 TRACE BasicExtractor:60 - extracted value ([lastname4_1_] : [VARCHAR]) - [15]
  12:57:14,417 TRACE BasicExtractor:60 - extracted value ([password5_1_] : [VARCHAR]) - [15]
  12:57:14,417 TRACE BasicExtractor:60 - extracted value ([role_id6_1_] : [INTEGER]) - [15]
  12:57:14,417 TRACE BasicExtractor:60 - extracted value ([username7_1_] : [VARCHAR]) - [15]
  12:57:14,418 TRACE BasicExtractor:60 - extracted value ([user_id1_1_] : [INTEGER]) - [645]
  12:57:14,418 TRACE BasicExtractor:60 - extracted value ([email2_1_] : [VARCHAR]) - [16]
  12:57:14,418 TRACE BasicExtractor:60 - extracted value ([firstnam3_1_] : [VARCHAR]) - [16]
  12:57:14,419 TRACE BasicExtractor:60 - extracted value ([lastname4_1_] : [VARCHAR]) - [16]
  12:57:14,419 TRACE BasicExtractor:60 - extracted value ([password5_1_] : [VARCHAR]) - [16]
  12:57:14,419 TRACE BasicExtractor:60 - extracted value ([role_id6_1_] : [INTEGER]) - [16]
  12:57:14,419 TRACE BasicExtractor:60 - extracted value ([username7_1_] : [VARCHAR]) - [16]
  12:57:14,419 TRACE BasicExtractor:60 - extracted value ([user_id1_1_] : [INTEGER]) - [646]
  12:57:14,419 TRACE BasicExtractor:60 - extracted value ([email2_1_] : [VARCHAR]) - [17]
  12:57:14,420 TRACE BasicExtractor:60 - extracted value ([firstnam3_1_] : [VARCHAR]) - [17]
  12:57:14,420 TRACE BasicExtractor:60 - extracted value ([lastname4_1_] : [VARCHAR]) - [17]
  12:57:14,420 TRACE BasicExtractor:60 - extracted value ([password5_1_] : [VARCHAR]) - [17]
  12:57:14,420 TRACE BasicExtractor:60 - extracted value ([role_id6_1_] : [INTEGER]) - [17]
  12:57:14,420 TRACE BasicExtractor:60 - extracted value ([username7_1_] : [VARCHAR]) - [17]
  12:57:14,421 TRACE BasicExtractor:60 - extracted value ([user_id1_1_] : [INTEGER]) - [647]
  12:57:14,421 TRACE BasicExtractor:60 - extracted value ([email2_1_] : [VARCHAR]) - [18]
  12:57:14,421 TRACE BasicExtractor:60 - extracted value ([firstnam3_1_] : [VARCHAR]) - [18]
  12:57:14,421 TRACE BasicExtractor:60 - extracted value ([lastname4_1_] : [VARCHAR]) - [18]
  12:57:14,421 TRACE BasicExtractor:60 - extracted value ([password5_1_] : [VARCHAR]) - [18]
  12:57:14,422 TRACE BasicExtractor:60 - extracted value ([role_id6_1_] : [INTEGER]) - [18]
  12:57:14,422 TRACE BasicExtractor:60 - extracted value ([username7_1_] : [VARCHAR]) - [18]
  12:57:14,422 TRACE BasicExtractor:60 - extracted value ([user_id1_1_] : [INTEGER]) - [648]
  12:57:14,422 TRACE BasicExtractor:60 - extracted value ([email2_1_] : [VARCHAR]) - [19]
  12:57:14,422 TRACE BasicExtractor:60 - extracted value ([firstnam3_1_] : [VARCHAR]) - [19]
  12:57:14,422 TRACE BasicExtractor:60 - extracted value ([lastname4_1_] : [VARCHAR]) - [19]
  12:57:14,423 TRACE BasicExtractor:60 - extracted value ([password5_1_] : [VARCHAR]) - [19]
  12:57:14,423 TRACE BasicExtractor:60 - extracted value ([role_id6_1_] : [INTEGER]) - [19]
  12:57:14,423 TRACE BasicExtractor:60 - extracted value ([username7_1_] : [VARCHAR]) - [19]
  12:57:14,423 TRACE BasicExtractor:60 - extracted value ([user_id1_1_] : [INTEGER]) - [649]
  12:57:14,423 TRACE BasicExtractor:60 - extracted value ([email2_1_] : [VARCHAR]) - [20]
  12:57:14,424 TRACE BasicExtractor:60 - extracted value ([firstnam3_1_] : [VARCHAR]) - [20]
  12:57:14,424 TRACE BasicExtractor:60 - extracted value ([lastname4_1_] : [VARCHAR]) - [20]
  12:57:14,424 TRACE BasicExtractor:60 - extracted value ([password5_1_] : [VARCHAR]) - [20]
  12:57:14,424 TRACE BasicExtractor:60 - extracted value ([role_id6_1_] : [INTEGER]) - [20]
  12:57:14,424 TRACE BasicExtractor:60 - extracted value ([username7_1_] : [VARCHAR]) - [20]
  12:57:14,425 TRACE BasicExtractor:60 - extracted value ([user_id1_1_] : [INTEGER]) - [650]
  12:57:14,425 TRACE BasicExtractor:60 - extracted value ([email2_1_] : [VARCHAR]) - [21]
  12:57:14,425 TRACE BasicExtractor:60 - extracted value ([firstnam3_1_] : [VARCHAR]) - [21]
  12:57:14,425 TRACE BasicExtractor:60 - extracted value ([lastname4_1_] : [VARCHAR]) - [21]
  12:57:14,425 TRACE BasicExtractor:60 - extracted value ([password5_1_] : [VARCHAR]) - [21]
  12:57:14,426 TRACE BasicExtractor:60 - extracted value ([role_id6_1_] : [INTEGER]) - [21]
  12:57:14,426 TRACE BasicExtractor:60 - extracted value ([username7_1_] : [VARCHAR]) - [21]
  12:57:14,426 TRACE BasicExtractor:60 - extracted value ([user_id1_1_] : [INTEGER]) - [651]
  12:57:14,426 TRACE BasicExtractor:60 - extracted value ([email2_1_] : [VARCHAR]) - [22]
  12:57:14,426 TRACE BasicExtractor:60 - extracted value ([firstnam3_1_] : [VARCHAR]) - [22]
  12:57:14,426 TRACE BasicExtractor:60 - extracted value ([lastname4_1_] : [VARCHAR]) - [22]
  12:57:14,427 TRACE BasicExtractor:60 - extracted value ([password5_1_] : [VARCHAR]) - [22]
  12:57:14,427 TRACE BasicExtractor:60 - extracted value ([role_id6_1_] : [INTEGER]) - [22]
  12:57:14,427 TRACE BasicExtractor:60 - extracted value ([username7_1_] : [VARCHAR]) - [22]
  12:57:14,427 TRACE BasicExtractor:60 - extracted value ([user_id1_1_] : [INTEGER]) - [652]
  12:57:14,427 TRACE BasicExtractor:60 - extracted value ([email2_1_] : [VARCHAR]) - [23]
  12:57:14,428 TRACE BasicExtractor:60 - extracted value ([firstnam3_1_] : [VARCHAR]) - [23]
  12:57:14,428 TRACE BasicExtractor:60 - extracted value ([lastname4_1_] : [VARCHAR]) - [23]
  12:57:14,428 TRACE BasicExtractor:60 - extracted value ([password5_1_] : [VARCHAR]) - [23]
  12:57:14,428 TRACE BasicExtractor:60 - extracted value ([role_id6_1_] : [INTEGER]) - [23]
  12:57:14,428 TRACE BasicExtractor:60 - extracted value ([username7_1_] : [VARCHAR]) - [23]
  12:57:14,429 TRACE BasicExtractor:60 - extracted value ([user_id1_1_] : [INTEGER]) - [653]
  12:57:14,429 TRACE BasicExtractor:60 - extracted value ([email2_1_] : [VARCHAR]) - [24]
  12:57:14,429 TRACE BasicExtractor:60 - extracted value ([firstnam3_1_] : [VARCHAR]) - [24]
  12:57:14,429 TRACE BasicExtractor:60 - extracted value ([lastname4_1_] : [VARCHAR]) - [24]
  12:57:14,429 TRACE BasicExtractor:60 - extracted value ([password5_1_] : [VARCHAR]) - [24]
  12:57:14,429 TRACE BasicExtractor:60 - extracted value ([role_id6_1_] : [INTEGER]) - [24]
  12:57:14,430 TRACE BasicExtractor:60 - extracted value ([username7_1_] : [VARCHAR]) - [24]
  12:57:14,430 TRACE BasicExtractor:60 - extracted value ([user_id1_1_] : [INTEGER]) - [654]
  12:57:14,430 TRACE BasicExtractor:60 - extracted value ([email2_1_] : [VARCHAR]) - [25]
  12:57:14,430 TRACE BasicExtractor:60 - extracted value ([firstnam3_1_] : [VARCHAR]) - [25]
  12:57:14,430 TRACE BasicExtractor:60 - extracted value ([lastname4_1_] : [VARCHAR]) - [25]
  12:57:14,431 TRACE BasicExtractor:60 - extracted value ([password5_1_] : [VARCHAR]) - [25]
  12:57:14,431 TRACE BasicExtractor:60 - extracted value ([role_id6_1_] : [INTEGER]) - [25]
  12:57:14,431 TRACE BasicExtractor:60 - extracted value ([username7_1_] : [VARCHAR]) - [25]
  12:57:14,431 TRACE BasicExtractor:60 - extracted value ([user_id1_1_] : [INTEGER]) - [655]
  12:57:14,431 TRACE BasicExtractor:60 - extracted value ([email2_1_] : [VARCHAR]) - [26]
  12:57:14,431 TRACE BasicExtractor:60 - extracted value ([firstnam3_1_] : [VARCHAR]) - [26]
  12:57:14,432 TRACE BasicExtractor:60 - extracted value ([lastname4_1_] : [VARCHAR]) - [26]
  12:57:14,432 TRACE BasicExtractor:60 - extracted value ([password5_1_] : [VARCHAR]) - [26]
  12:57:14,432 TRACE BasicExtractor:60 - extracted value ([role_id6_1_] : [INTEGER]) - [26]
  12:57:14,432 TRACE BasicExtractor:60 - extracted value ([username7_1_] : [VARCHAR]) - [26]
  12:57:14,432 TRACE BasicExtractor:60 - extracted value ([user_id1_1_] : [INTEGER]) - [656]
  12:57:14,433 TRACE BasicExtractor:60 - extracted value ([email2_1_] : [VARCHAR]) - [27]
  12:57:14,433 TRACE BasicExtractor:60 - extracted value ([firstnam3_1_] : [VARCHAR]) - [27]
  12:57:14,433 TRACE BasicExtractor:60 - extracted value ([lastname4_1_] : [VARCHAR]) - [27]
  12:57:14,433 TRACE BasicExtractor:60 - extracted value ([password5_1_] : [VARCHAR]) - [27]
  12:57:14,433 TRACE BasicExtractor:60 - extracted value ([role_id6_1_] : [INTEGER]) - [27]
  12:57:14,434 TRACE BasicExtractor:60 - extracted value ([username7_1_] : [VARCHAR]) - [27]
  12:57:14,434 TRACE BasicExtractor:60 - extracted value ([user_id1_1_] : [INTEGER]) - [657]
  12:57:14,434 TRACE BasicExtractor:60 - extracted value ([email2_1_] : [VARCHAR]) - [28]
  12:57:14,434 TRACE BasicExtractor:60 - extracted value ([firstnam3_1_] : [VARCHAR]) - [28]
  12:57:14,434 TRACE BasicExtractor:60 - extracted value ([lastname4_1_] : [VARCHAR]) - [28]
  12:57:14,434 TRACE BasicExtractor:60 - extracted value ([password5_1_] : [VARCHAR]) - [28]
  12:57:14,435 TRACE BasicExtractor:60 - extracted value ([role_id6_1_] : [INTEGER]) - [28]
  12:57:14,435 TRACE BasicExtractor:60 - extracted value ([username7_1_] : [VARCHAR]) - [28]
  12:57:14,435 TRACE BasicExtractor:60 - extracted value ([user_id1_1_] : [INTEGER]) - [658]
  12:57:14,435 TRACE BasicExtractor:60 - extracted value ([email2_1_] : [VARCHAR]) - [29]
  12:57:14,435 TRACE BasicExtractor:60 - extracted value ([firstnam3_1_] : [VARCHAR]) - [29]
  12:57:14,436 TRACE BasicExtractor:60 - extracted value ([lastname4_1_] : [VARCHAR]) - [29]
  12:57:14,436 TRACE BasicExtractor:60 - extracted value ([password5_1_] : [VARCHAR]) - [29]
  12:57:14,436 TRACE BasicExtractor:60 - extracted value ([role_id6_1_] : [INTEGER]) - [29]
  12:57:14,436 TRACE BasicExtractor:60 - extracted value ([username7_1_] : [VARCHAR]) - [29]
  12:57:14,436 TRACE BasicExtractor:60 - extracted value ([user_id1_1_] : [INTEGER]) - [659]
  12:57:14,436 TRACE BasicExtractor:60 - extracted value ([email2_1_] : [VARCHAR]) - [30]
  12:57:14,437 TRACE BasicExtractor:60 - extracted value ([firstnam3_1_] : [VARCHAR]) - [30]
  12:57:14,437 TRACE BasicExtractor:60 - extracted value ([lastname4_1_] : [VARCHAR]) - [30]
  12:57:14,437 TRACE BasicExtractor:60 - extracted value ([password5_1_] : [VARCHAR]) - [30]
  12:57:14,437 TRACE BasicExtractor:60 - extracted value ([role_id6_1_] : [INTEGER]) - [30]
  12:57:14,437 TRACE BasicExtractor:60 - extracted value ([username7_1_] : [VARCHAR]) - [30]
  12:57:14,438 TRACE BasicExtractor:60 - extracted value ([user_id1_1_] : [INTEGER]) - [660]
  12:57:14,438 TRACE BasicExtractor:60 - extracted value ([email2_1_] : [VARCHAR]) - [31]
  12:57:14,438 TRACE BasicExtractor:60 - extracted value ([firstnam3_1_] : [VARCHAR]) - [31]
  12:57:14,438 TRACE BasicExtractor:60 - extracted value ([lastname4_1_] : [VARCHAR]) - [31]
  12:57:14,438 TRACE BasicExtractor:60 - extracted value ([password5_1_] : [VARCHAR]) - [31]
  12:57:14,438 TRACE BasicExtractor:60 - extracted value ([role_id6_1_] : [INTEGER]) - [31]
  12:57:14,439 TRACE BasicExtractor:60 - extracted value ([username7_1_] : [VARCHAR]) - [31]
  12:57:14,439 TRACE BasicExtractor:60 - extracted value ([user_id1_1_] : [INTEGER]) - [661]
  12:57:14,439 TRACE BasicExtractor:60 - extracted value ([email2_1_] : [VARCHAR]) - [32]
  12:57:14,439 TRACE BasicExtractor:60 - extracted value ([firstnam3_1_] : [VARCHAR]) - [32]
  12:57:14,439 TRACE BasicExtractor:60 - extracted value ([lastname4_1_] : [VARCHAR]) - [32]
  12:57:14,439 TRACE BasicExtractor:60 - extracted value ([password5_1_] : [VARCHAR]) - [32]
  12:57:14,440 TRACE BasicExtractor:60 - extracted value ([role_id6_1_] : [INTEGER]) - [32]
  12:57:14,440 TRACE BasicExtractor:60 - extracted value ([username7_1_] : [VARCHAR]) - [32]
  12:57:14,440 TRACE BasicExtractor:60 - extracted value ([user_id1_1_] : [INTEGER]) - [662]
  12:57:14,440 TRACE BasicExtractor:60 - extracted value ([email2_1_] : [VARCHAR]) - [33]
  12:57:14,440 TRACE BasicExtractor:60 - extracted value ([firstnam3_1_] : [VARCHAR]) - [33]
  12:57:14,441 TRACE BasicExtractor:60 - extracted value ([lastname4_1_] : [VARCHAR]) - [33]
  12:57:14,441 TRACE BasicExtractor:60 - extracted value ([password5_1_] : [VARCHAR]) - [33]
  12:57:14,441 TRACE BasicExtractor:60 - extracted value ([role_id6_1_] : [INTEGER]) - [33]
  12:57:14,441 TRACE BasicExtractor:60 - extracted value ([username7_1_] : [VARCHAR]) - [33]
  12:57:14,441 TRACE BasicExtractor:60 - extracted value ([user_id1_1_] : [INTEGER]) - [663]
  12:57:14,442 TRACE BasicExtractor:60 - extracted value ([email2_1_] : [VARCHAR]) - [34]
  12:57:14,442 TRACE BasicExtractor:60 - extracted value ([firstnam3_1_] : [VARCHAR]) - [34]
  12:57:14,442 TRACE BasicExtractor:60 - extracted value ([lastname4_1_] : [VARCHAR]) - [34]
  12:57:14,442 TRACE BasicExtractor:60 - extracted value ([password5_1_] : [VARCHAR]) - [34]
  12:57:14,442 TRACE BasicExtractor:60 - extracted value ([role_id6_1_] : [INTEGER]) - [34]
  12:57:14,443 TRACE BasicExtractor:60 - extracted value ([username7_1_] : [VARCHAR]) - [34]
  12:57:14,443 TRACE BasicExtractor:60 - extracted value ([user_id1_1_] : [INTEGER]) - [664]
  12:57:14,443 TRACE BasicExtractor:60 - extracted value ([email2_1_] : [VARCHAR]) - [35]
  12:57:14,443 TRACE BasicExtractor:60 - extracted value ([firstnam3_1_] : [VARCHAR]) - [35]
  12:57:14,443 TRACE BasicExtractor:60 - extracted value ([lastname4_1_] : [VARCHAR]) - [35]
  12:57:14,443 TRACE BasicExtractor:60 - extracted value ([password5_1_] : [VARCHAR]) - [35]
  12:57:14,444 TRACE BasicExtractor:60 - extracted value ([role_id6_1_] : [INTEGER]) - [35]
  12:57:14,444 TRACE BasicExtractor:60 - extracted value ([username7_1_] : [VARCHAR]) - [35]
  12:57:14,444 TRACE BasicExtractor:60 - extracted value ([user_id1_1_] : [INTEGER]) - [665]
  12:57:14,444 TRACE BasicExtractor:60 - extracted value ([email2_1_] : [VARCHAR]) - [36]
  12:57:14,444 TRACE BasicExtractor:60 - extracted value ([firstnam3_1_] : [VARCHAR]) - [36]
  12:57:14,445 TRACE BasicExtractor:60 - extracted value ([lastname4_1_] : [VARCHAR]) - [36]
  12:57:14,445 TRACE BasicExtractor:60 - extracted value ([password5_1_] : [VARCHAR]) - [36]
  12:57:14,445 TRACE BasicExtractor:60 - extracted value ([role_id6_1_] : [INTEGER]) - [36]
  12:57:14,445 TRACE BasicExtractor:60 - extracted value ([username7_1_] : [VARCHAR]) - [36]
  12:57:14,445 TRACE BasicExtractor:60 - extracted value ([user_id1_1_] : [INTEGER]) - [666]
  12:57:14,445 TRACE BasicExtractor:60 - extracted value ([email2_1_] : [VARCHAR]) - [37]
  12:57:14,446 TRACE BasicExtractor:60 - extracted value ([firstnam3_1_] : [VARCHAR]) - [37]
  12:57:14,446 TRACE BasicExtractor:60 - extracted value ([lastname4_1_] : [VARCHAR]) - [37]
  12:57:14,446 TRACE BasicExtractor:60 - extracted value ([password5_1_] : [VARCHAR]) - [37]
  12:57:14,446 TRACE BasicExtractor:60 - extracted value ([role_id6_1_] : [INTEGER]) - [37]
  12:57:14,446 TRACE BasicExtractor:60 - extracted value ([username7_1_] : [VARCHAR]) - [37]
  12:57:14,447 TRACE BasicExtractor:60 - extracted value ([user_id1_1_] : [INTEGER]) - [667]
  12:57:14,447 TRACE BasicExtractor:60 - extracted value ([email2_1_] : [VARCHAR]) - [38]
  12:57:14,447 TRACE BasicExtractor:60 - extracted value ([firstnam3_1_] : [VARCHAR]) - [38]
  12:57:14,447 TRACE BasicExtractor:60 - extracted value ([lastname4_1_] : [VARCHAR]) - [38]
  12:57:14,447 TRACE BasicExtractor:60 - extracted value ([password5_1_] : [VARCHAR]) - [38]
  12:57:14,447 TRACE BasicExtractor:60 - extracted value ([role_id6_1_] : [INTEGER]) - [38]
  12:57:14,448 TRACE BasicExtractor:60 - extracted value ([username7_1_] : [VARCHAR]) - [38]
  12:57:14,448 TRACE BasicExtractor:60 - extracted value ([user_id1_1_] : [INTEGER]) - [668]
  12:57:14,448 TRACE BasicExtractor:60 - extracted value ([email2_1_] : [VARCHAR]) - [39]
  12:57:14,448 TRACE BasicExtractor:60 - extracted value ([firstnam3_1_] : [VARCHAR]) - [39]
  12:57:14,448 TRACE BasicExtractor:60 - extracted value ([lastname4_1_] : [VARCHAR]) - [39]
  12:57:14,449 TRACE BasicExtractor:60 - extracted value ([password5_1_] : [VARCHAR]) - [39]
  12:57:14,449 TRACE BasicExtractor:60 - extracted value ([role_id6_1_] : [INTEGER]) - [39]
  12:57:14,449 TRACE BasicExtractor:60 - extracted value ([username7_1_] : [VARCHAR]) - [39]
  12:57:14,449 TRACE BasicExtractor:60 - extracted value ([user_id1_1_] : [INTEGER]) - [669]
  12:57:14,449 TRACE BasicExtractor:60 - extracted value ([email2_1_] : [VARCHAR]) - [40]
  12:57:14,450 TRACE BasicExtractor:60 - extracted value ([firstnam3_1_] : [VARCHAR]) - [40]
  12:57:14,450 TRACE BasicExtractor:60 - extracted value ([lastname4_1_] : [VARCHAR]) - [40]
  12:57:14,450 TRACE BasicExtractor:60 - extracted value ([password5_1_] : [VARCHAR]) - [40]
  12:57:14,450 TRACE BasicExtractor:60 - extracted value ([role_id6_1_] : [INTEGER]) - [40]
  12:57:14,450 TRACE BasicExtractor:60 - extracted value ([username7_1_] : [VARCHAR]) - [40]
  12:57:14,450 TRACE BasicExtractor:60 - extracted value ([user_id1_1_] : [INTEGER]) - [670]
  12:57:14,451 TRACE BasicExtractor:60 - extracted value ([email2_1_] : [VARCHAR]) - [41]
  12:57:14,451 TRACE BasicExtractor:60 - extracted value ([firstnam3_1_] : [VARCHAR]) - [41]
  12:57:14,451 TRACE BasicExtractor:60 - extracted value ([lastname4_1_] : [VARCHAR]) - [41]
  12:57:14,451 TRACE BasicExtractor:60 - extracted value ([password5_1_] : [VARCHAR]) - [41]
  12:57:14,451 TRACE BasicExtractor:60 - extracted value ([role_id6_1_] : [INTEGER]) - [41]
  12:57:14,451 TRACE BasicExtractor:60 - extracted value ([username7_1_] : [VARCHAR]) - [41]
  12:57:14,452 TRACE BasicExtractor:60 - extracted value ([user_id1_1_] : [INTEGER]) - [671]
  12:57:14,452 TRACE BasicExtractor:60 - extracted value ([email2_1_] : [VARCHAR]) - [42]
  12:57:14,452 TRACE BasicExtractor:60 - extracted value ([firstnam3_1_] : [VARCHAR]) - [42]
  12:57:14,452 TRACE BasicExtractor:60 - extracted value ([lastname4_1_] : [VARCHAR]) - [42]
  12:57:14,452 TRACE BasicExtractor:60 - extracted value ([password5_1_] : [VARCHAR]) - [42]
  12:57:14,453 TRACE BasicExtractor:60 - extracted value ([role_id6_1_] : [INTEGER]) - [42]
  12:57:14,453 TRACE BasicExtractor:60 - extracted value ([username7_1_] : [VARCHAR]) - [42]
  12:57:14,453 TRACE BasicExtractor:60 - extracted value ([user_id1_1_] : [INTEGER]) - [672]
  12:57:14,453 TRACE BasicExtractor:60 - extracted value ([email2_1_] : [VARCHAR]) - [43]
  12:57:14,453 TRACE BasicExtractor:60 - extracted value ([firstnam3_1_] : [VARCHAR]) - [43]
  12:57:14,454 TRACE BasicExtractor:60 - extracted value ([lastname4_1_] : [VARCHAR]) - [43]
  12:57:14,454 TRACE BasicExtractor:60 - extracted value ([password5_1_] : [VARCHAR]) - [43]
  12:57:14,454 TRACE BasicExtractor:60 - extracted value ([role_id6_1_] : [INTEGER]) - [43]
  12:57:14,454 TRACE BasicExtractor:60 - extracted value ([username7_1_] : [VARCHAR]) - [43]
  12:57:14,454 TRACE BasicExtractor:60 - extracted value ([user_id1_1_] : [INTEGER]) - [673]
  12:57:14,454 TRACE BasicExtractor:60 - extracted value ([email2_1_] : [VARCHAR]) - [44]
  12:57:14,455 TRACE BasicExtractor:60 - extracted value ([firstnam3_1_] : [VARCHAR]) - [44]
  12:57:14,455 TRACE BasicExtractor:60 - extracted value ([lastname4_1_] : [VARCHAR]) - [44]
  12:57:14,455 TRACE BasicExtractor:60 - extracted value ([password5_1_] : [VARCHAR]) - [44]
  12:57:14,455 TRACE BasicExtractor:60 - extracted value ([role_id6_1_] : [INTEGER]) - [44]
  12:57:14,455 TRACE BasicExtractor:60 - extracted value ([username7_1_] : [VARCHAR]) - [44]
  12:57:14,455 TRACE BasicExtractor:60 - extracted value ([user_id1_1_] : [INTEGER]) - [674]
  12:57:14,456 TRACE BasicExtractor:60 - extracted value ([email2_1_] : [VARCHAR]) - [45]
  12:57:14,456 TRACE BasicExtractor:60 - extracted value ([firstnam3_1_] : [VARCHAR]) - [45]
  12:57:14,456 TRACE BasicExtractor:60 - extracted value ([lastname4_1_] : [VARCHAR]) - [45]
  12:57:14,456 TRACE BasicExtractor:60 - extracted value ([password5_1_] : [VARCHAR]) - [45]
  12:57:14,456 TRACE BasicExtractor:60 - extracted value ([role_id6_1_] : [INTEGER]) - [45]
  12:57:14,456 TRACE BasicExtractor:60 - extracted value ([username7_1_] : [VARCHAR]) - [45]
  12:57:14,457 TRACE BasicExtractor:60 - extracted value ([user_id1_1_] : [INTEGER]) - [675]
  12:57:14,457 TRACE BasicExtractor:60 - extracted value ([email2_1_] : [VARCHAR]) - [46]
  12:57:14,457 TRACE BasicExtractor:60 - extracted value ([firstnam3_1_] : [VARCHAR]) - [46]
  12:57:14,457 TRACE BasicExtractor:60 - extracted value ([lastname4_1_] : [VARCHAR]) - [46]
  12:57:14,457 TRACE BasicExtractor:60 - extracted value ([password5_1_] : [VARCHAR]) - [46]
  12:57:14,458 TRACE BasicExtractor:60 - extracted value ([role_id6_1_] : [INTEGER]) - [46]
  12:57:14,458 TRACE BasicExtractor:60 - extracted value ([username7_1_] : [VARCHAR]) - [46]
  12:57:14,458 TRACE BasicExtractor:60 - extracted value ([user_id1_1_] : [INTEGER]) - [676]
  12:57:14,458 TRACE BasicExtractor:60 - extracted value ([email2_1_] : [VARCHAR]) - [47]
  12:57:14,458 TRACE BasicExtractor:60 - extracted value ([firstnam3_1_] : [VARCHAR]) - [47]
  12:57:14,459 TRACE BasicExtractor:60 - extracted value ([lastname4_1_] : [VARCHAR]) - [47]
  12:57:14,459 TRACE BasicExtractor:60 - extracted value ([password5_1_] : [VARCHAR]) - [47]
  12:57:14,459 TRACE BasicExtractor:60 - extracted value ([role_id6_1_] : [INTEGER]) - [47]
  12:57:14,459 TRACE BasicExtractor:60 - extracted value ([username7_1_] : [VARCHAR]) - [47]
  12:57:14,459 TRACE BasicExtractor:60 - extracted value ([user_id1_1_] : [INTEGER]) - [677]
  12:57:14,459 TRACE BasicExtractor:60 - extracted value ([email2_1_] : [VARCHAR]) - [48]
  12:57:14,460 TRACE BasicExtractor:60 - extracted value ([firstnam3_1_] : [VARCHAR]) - [48]
  12:57:14,460 TRACE BasicExtractor:60 - extracted value ([lastname4_1_] : [VARCHAR]) - [48]
  12:57:14,460 TRACE BasicExtractor:60 - extracted value ([password5_1_] : [VARCHAR]) - [48]
  12:57:14,460 TRACE BasicExtractor:60 - extracted value ([role_id6_1_] : [INTEGER]) - [48]
  12:57:14,460 TRACE BasicExtractor:60 - extracted value ([username7_1_] : [VARCHAR]) - [48]
  12:57:14,460 TRACE BasicExtractor:60 - extracted value ([user_id1_1_] : [INTEGER]) - [678]
  12:57:14,461 TRACE BasicExtractor:60 - extracted value ([email2_1_] : [VARCHAR]) - [49]
  12:57:14,461 TRACE BasicExtractor:60 - extracted value ([firstnam3_1_] : [VARCHAR]) - [49]
  12:57:14,461 TRACE BasicExtractor:60 - extracted value ([lastname4_1_] : [VARCHAR]) - [49]
  12:57:14,461 TRACE BasicExtractor:60 - extracted value ([password5_1_] : [VARCHAR]) - [49]
  12:57:14,461 TRACE BasicExtractor:60 - extracted value ([role_id6_1_] : [INTEGER]) - [49]
  12:57:14,461 TRACE BasicExtractor:60 - extracted value ([username7_1_] : [VARCHAR]) - [49]
  12:57:14,462 TRACE BasicExtractor:60 - extracted value ([user_id1_1_] : [INTEGER]) - [679]
  12:57:14,462 TRACE BasicExtractor:60 - extracted value ([email2_1_] : [VARCHAR]) - [50]
  12:57:14,462 TRACE BasicExtractor:60 - extracted value ([firstnam3_1_] : [VARCHAR]) - [50]
  12:57:14,462 TRACE BasicExtractor:60 - extracted value ([lastname4_1_] : [VARCHAR]) - [50]
  12:57:14,462 TRACE BasicExtractor:60 - extracted value ([password5_1_] : [VARCHAR]) - [50]
  12:57:14,462 TRACE BasicExtractor:60 - extracted value ([role_id6_1_] : [INTEGER]) - [50]
  12:57:14,463 TRACE BasicExtractor:60 - extracted value ([username7_1_] : [VARCHAR]) - [50]
  12:57:14,503 TRACE BasicBinder:64 - binding parameter [1] as [INTEGER] - [631]
  12:57:14,508 TRACE BasicBinder:64 - binding parameter [1] as [INTEGER] - [632]
  12:57:14,509 TRACE BasicBinder:64 - binding parameter [1] as [INTEGER] - [633]
  12:57:14,511 TRACE BasicBinder:64 - binding parameter [1] as [INTEGER] - [634]
  12:57:14,512 TRACE BasicBinder:64 - binding parameter [1] as [INTEGER] - [635]
  12:57:14,513 TRACE BasicBinder:64 - binding parameter [1] as [INTEGER] - [636]
  12:57:14,514 TRACE BasicBinder:64 - binding parameter [1] as [INTEGER] - [637]
  12:57:14,515 TRACE BasicBinder:64 - binding parameter [1] as [INTEGER] - [638]
  12:57:14,516 TRACE BasicBinder:64 - binding parameter [1] as [INTEGER] - [639]
  12:57:14,517 TRACE BasicBinder:64 - binding parameter [1] as [INTEGER] - [640]
  12:57:14,518 TRACE BasicBinder:64 - binding parameter [1] as [INTEGER] - [641]
  12:57:14,519 TRACE BasicBinder:64 - binding parameter [1] as [INTEGER] - [642]
  12:57:14,520 TRACE BasicBinder:64 - binding parameter [1] as [INTEGER] - [643]
  12:57:14,521 TRACE BasicBinder:64 - binding parameter [1] as [INTEGER] - [644]
  12:57:14,521 TRACE BasicBinder:64 - binding parameter [1] as [INTEGER] - [645]
  12:57:14,522 TRACE BasicBinder:64 - binding parameter [1] as [INTEGER] - [646]
  12:57:14,523 TRACE BasicBinder:64 - binding parameter [1] as [INTEGER] - [647]
  12:57:14,524 TRACE BasicBinder:64 - binding parameter [1] as [INTEGER] - [648]
  12:57:14,525 TRACE BasicBinder:64 - binding parameter [1] as [INTEGER] - [649]
  12:57:14,525 TRACE BasicBinder:64 - binding parameter [1] as [INTEGER] - [650]
  12:57:14,526 TRACE BasicBinder:64 - binding parameter [1] as [INTEGER] - [651]
  12:57:14,527 TRACE BasicBinder:64 - binding parameter [1] as [INTEGER] - [652]
  12:57:14,528 TRACE BasicBinder:64 - binding parameter [1] as [INTEGER] - [653]
  12:57:14,528 TRACE BasicBinder:64 - binding parameter [1] as [INTEGER] - [654]
  12:57:14,529 TRACE BasicBinder:64 - binding parameter [1] as [INTEGER] - [655]
  12:57:14,530 TRACE BasicBinder:64 - binding parameter [1] as [INTEGER] - [656]
  12:57:14,531 TRACE BasicBinder:64 - binding parameter [1] as [INTEGER] - [657]
  12:57:14,531 TRACE BasicBinder:64 - binding parameter [1] as [INTEGER] - [658]
  12:57:14,532 TRACE BasicBinder:64 - binding parameter [1] as [INTEGER] - [659]
  12:57:14,533 TRACE BasicBinder:64 - binding parameter [1] as [INTEGER] - [660]
  12:57:14,534 TRACE BasicBinder:64 - binding parameter [1] as [INTEGER] - [661]
  12:57:14,535 TRACE BasicBinder:64 - binding parameter [1] as [INTEGER] - [662]
  12:57:14,535 TRACE BasicBinder:64 - binding parameter [1] as [INTEGER] - [663]
  12:57:14,536 TRACE BasicBinder:64 - binding parameter [1] as [INTEGER] - [664]
  12:57:14,537 TRACE BasicBinder:64 - binding parameter [1] as [INTEGER] - [665]
  12:57:14,538 TRACE BasicBinder:64 - binding parameter [1] as [INTEGER] - [666]
  12:57:14,538 TRACE BasicBinder:64 - binding parameter [1] as [INTEGER] - [667]
  12:57:14,539 TRACE BasicBinder:64 - binding parameter [1] as [INTEGER] - [668]
  12:57:14,540 TRACE BasicBinder:64 - binding parameter [1] as [INTEGER] - [669]
  12:57:14,541 TRACE BasicBinder:64 - binding parameter [1] as [INTEGER] - [670]
  12:57:14,541 TRACE BasicBinder:64 - binding parameter [1] as [INTEGER] - [671]
  12:57:14,542 TRACE BasicBinder:64 - binding parameter [1] as [INTEGER] - [672]
  12:57:14,543 TRACE BasicBinder:64 - binding parameter [1] as [INTEGER] - [673]
  12:57:14,544 TRACE BasicBinder:64 - binding parameter [1] as [INTEGER] - [674]
  12:57:14,544 TRACE BasicBinder:64 - binding parameter [1] as [INTEGER] - [675]
  12:57:14,545 TRACE BasicBinder:64 - binding parameter [1] as [INTEGER] - [676]
  12:57:14,546 TRACE BasicBinder:64 - binding parameter [1] as [INTEGER] - [677]
  12:57:14,547 TRACE BasicBinder:64 - binding parameter [1] as [INTEGER] - [678]
  12:57:14,548 TRACE BasicBinder:64 - binding parameter [1] as [INTEGER] - [679]
  